<?xml version="1.0" encoding="iso-8859-1"?>
<feed xmlns="http://www.w3.org/2005/Atom">
  <title>GnuCash News</title>
  <subtitle>GnuCash is personal and small-business financial-accounting software, freely licensed under the GNU GPL and available for GNU/Linux, BSD, Solaris, Mac OS X and Microsoft Windows.</subtitle>
  <generator>GnuCash htdocs/trunk/atom.php 1.0 &lt;gnucash-devel@gnucash.org&gt;</generator>
  <logo>http://www.gnucash.org/images/gnucash_logo.png</logo>
  <link rel="alternate" href="http://www.gnucash.org/beta/" />
  <link rel="self" href="http://www.gnucash.org/beta/atom.php" />
    <updated>2011-09-23T00:00:00-05:00</updated>



</feed>
